# JRE version: OpenJDK Runtime Environment (16.0.1+9) (build 16.0.1+9-24)
# Java VM: OpenJDK 64-Bit Server VM (16.0.1+9-24, mixed mode, sharing, tiered, compressed oops, compressed class ptrs, g1 gc, windows-amd64)
GC Precious Log:
 CPUs: 6 total, 6 available
 Memory: 8136M
 Large Page Support: Disabled
 NUMA Support: Disabled
 Compressed Oops: Enabled (32-bit)
 Heap Region Size: 1M
 Heap Min Capacity: 8M
 Heap Initial Capacity: 128M
 Heap Max Capacity: 2G
 Pre-touch: Disabled
 Parallel Workers: 6
 Concurrent Workers: 2
 Concurrent Refinement Workers: 6
 Periodic GC: Disabled
Heap:
 garbage-first heap   total 186368K, used 119241K [0x0000000080000000, 0x0000000100000000)
  region size 1024K, 7 young (7168K), 4 survivors (4096K)
 Metaspace       used 87238K, committed 88192K, reserved 503808K
  class space    used 11934K, committed 12352K, reserved 421888K
GC Heap History (20 events):
Event: 42.815 GC heap before
{Heap before GC invocations=44 (full 0):
 garbage-first heap   total 132096K, used 104869K [0x0000000080000000, 0x0000000100000000)
  region size 1024K, 31 young (31744K), 4 survivors (4096K)
 Metaspace       used 73161K, committed 73920K, reserved 487424K
  class space    used 9893K, committed 10240K, reserved 421888K
}
Event: 42.821 GC heap after
{Heap after GC invocations=45 (full 0):
 garbage-first heap   total 132096K, used 80557K [0x0000000080000000, 0x0000000100000000)
  region size 1024K, 4 young (4096K), 4 survivors (4096K)
 Metaspace       used 73161K, committed 73920K, reserved 487424K
  class space    used 9893K, committed 10240K, reserved 421888K
}
Event: 70.054 GC heap before
{Heap before GC invocations=46 (full 0):
 garbage-first heap   total 143360K, used 104109K [0x0000000080000000, 0x0000000100000000)
  region size 1024K, 27 young (27648K), 4 survivors (4096K)
 Metaspace       used 74909K, committed 75648K, reserved 495616K
  class space    used 10143K, committed 10496K, reserved 421888K
}
Event: 70.058 GC heap after
{Heap after GC invocations=47 (full 0):
 garbage-first heap   total 143360K, used 83213K [0x0000000080000000, 0x0000000100000000)
  region size 1024K, 3 young (3072K), 3 survivors (3072K)
 Metaspace       used 74909K, committed 75648K, reserved 495616K
  class space    used 10143K, committed 10496K, reserved 421888K
}
Event: 70.973 GC heap before
{Heap before GC invocations=47 (full 0):
 garbage-first heap   total 143360K, used 114957K [0x0000000080000000, 0x0000000100000000)
  region size 1024K, 34 young (34816K), 3 survivors (3072K)
 Metaspace       used 78615K, committed 79360K, reserved 495616K
  class space    used 10803K, committed 11136K, reserved 421888K
}
Event: 70.980 GC heap after
{Heap after GC invocations=48 (full 0):
 garbage-first heap   total 143360K, used 84910K [0x0000000080000000, 0x0000000100000000)
  region size 1024K, 5 young (5120K), 5 survivors (5120K)
 Metaspace       used 78615K, committed 79360K, reserved 495616K
  class space    used 10803K, committed 11136K, reserved 421888K
}
Event: 71.691 GC heap before
{Heap before GC invocations=49 (full 0):
 garbage-first heap   total 150528K, used 115630K [0x0000000080000000, 0x0000000100000000)
  region size 1024K, 35 young (35840K), 5 survivors (5120K)
 Metaspace       used 79663K, committed 80448K, reserved 495616K
  class space    used 10961K, committed 11328K, reserved 421888K
}
Event: 71.695 GC heap after
{Heap after GC invocations=50 (full 0):
 garbage-first heap   total 150528K, used 88180K [0x0000000080000000, 0x0000000100000000)
  region size 1024K, 5 young (5120K), 5 survivors (5120K)
 Metaspace       used 79663K, committed 80448K, reserved 495616K
  class space    used 10961K, committed 11328K, reserved 421888K
}
Event: 73.473 GC heap before
{Heap before GC invocations=50 (full 0):
 garbage-first heap   total 150528K, used 121972K [0x0000000080000000, 0x0000000100000000)
  region size 1024K, 38 young (38912K), 5 survivors (5120K)
 Metaspace       used 81191K, committed 82048K, reserved 495616K
  class space    used 11198K, committed 11584K, reserved 421888K
}
Event: 73.480 GC heap after
{Heap after GC invocations=51 (full 0):
 garbage-first heap   total 150528K, used 93966K [0x0000000080000000, 0x0000000100000000)
  region size 1024K, 5 young (5120K), 5 survivors (5120K)
 Metaspace       used 81191K, committed 82048K, reserved 495616K
  class space    used 11198K, committed 11584K, reserved 421888K
}
Event: 73.868 GC heap before
{Heap before GC invocations=52 (full 0):
 garbage-first heap   total 165888K, used 120590K [0x0000000080000000, 0x0000000100000000)
  region size 1024K, 31 young (31744K), 5 survivors (5120K)
 Metaspace       used 83240K, committed 84096K, reserved 495616K
  class space    used 11456K, committed 11840K, reserved 421888K
}
Event: 73.873 GC heap after
{Heap after GC invocations=53 (full 0):
 garbage-first heap   total 165888K, used 98468K [0x0000000080000000, 0x0000000100000000)
  region size 1024K, 4 young (4096K), 4 survivors (4096K)
 Metaspace       used 83240K, committed 84096K, reserved 495616K
  class space    used 11456K, committed 11840K, reserved 421888K
}
Event: 74.450 GC heap before
{Heap before GC invocations=53 (full 0):
 garbage-first heap   total 165888K, used 116900K [0x0000000080000000, 0x0000000100000000)
  region size 1024K, 24 young (24576K), 4 survivors (4096K)
 Metaspace       used 83725K, committed 84544K, reserved 495616K
  class space    used 11491K, committed 11840K, reserved 421888K
}
Event: 74.453 GC heap after
{Heap after GC invocations=54 (full 0):
 garbage-first heap   total 165888K, used 101442K [0x0000000080000000, 0x0000000100000000)
  region size 1024K, 3 young (3072K), 3 survivors (3072K)
 Metaspace       used 83725K, committed 84544K, reserved 495616K
  class space    used 11491K, committed 11840K, reserved 421888K
}
Event: 74.638 GC heap before
{Heap before GC invocations=55 (full 0):
 garbage-first heap   total 179200K, used 105538K [0x0000000080000000, 0x0000000100000000)
  region size 1024K, 6 young (6144K), 3 survivors (3072K)
 Metaspace       used 83726K, committed 84544K, reserved 495616K
  class space    used 11491K, committed 11840K, reserved 421888K
}
Event: 74.641 GC heap after
{Heap after GC invocations=56 (full 0):
 garbage-first heap   total 179200K, used 104848K [0x0000000080000000, 0x0000000100000000)
  region size 1024K, 5 young (5120K), 5 survivors (5120K)
 Metaspace       used 83726K, committed 84544K, reserved 495616K
  class space    used 11491K, committed 11840K, reserved 421888K
}
Event: 75.334 GC heap before
{Heap before GC invocations=57 (full 0):
 garbage-first heap   total 186368K, used 133520K [0x0000000080000000, 0x0000000100000000)
  region size 1024K, 31 young (31744K), 5 survivors (5120K)
 Metaspace       used 85609K, committed 86400K, reserved 503808K
  class space    used 11730K, committed 12096K, reserved 421888K
}
Event: 75.338 GC heap after
{Heap after GC invocations=58 (full 0):
 garbage-first heap   total 186368K, used 113529K [0x0000000080000000, 0x0000000100000000)
  region size 1024K, 4 young (4096K), 4 survivors (4096K)
 Metaspace       used 85609K, committed 86400K, reserved 503808K
  class space    used 11730K, committed 12096K, reserved 421888K
}
Event: 75.778 GC heap before
{Heap before GC invocations=58 (full 0):
 garbage-first heap   total 186368K, used 140153K [0x0000000080000000, 0x0000000100000000)
  region size 1024K, 30 young (30720K), 4 survivors (4096K)
 Metaspace       used 87046K, committed 88000K, reserved 503808K
  class space    used 11912K, committed 12352K, reserved 421888K
}
Event: 75.785 GC heap after
{Heap after GC invocations=59 (full 0):
 garbage-first heap   total 186368K, used 117193K [0x0000000080000000, 0x0000000100000000)
  region size 1024K, 4 young (4096K), 4 survivors (4096K)
 Metaspace       used 87046K, committed 88000K, reserved 503808K
  class space    used 11912K, committed 12352K, reserved 421888K
}

